-------------------------------------------------------------------------------
Test set: com.sanoli.financedash.config.RailwayDatabaseUrlEnvironmentPostProcessorTest
-------------------------------------------------------------------------------
Tests run: 4, Failures: 2, Errors: 0, Skipped: 0, Time elapsed: 0.344 s <<< FAILURE! -- in com.sanoli.financedash.config.RailwayDatabaseUrlEnvironmentPostProcessorTest
com.sanoli.financedash.config.RailwayDatabaseUrlEnvironmentPostProcessorTest.shouldConvertRailwayPostgresUrlToJdbcUrl -- Time elapsed: 0.283 s <<< FAILURE!
org.opentest4j.AssertionFailedError: 

expected: "demo"
 but was: null
	at java.base/jdk.internal.reflect.DirectConstructorHandleAccessor.newInstance(DirectConstructorHandleAccessor.java:62)
	at java.base/java.lang.reflect.Constructor.newInstanceWithCaller(Constructor.java:502)
	at com.sanoli.financedash.config.RailwayDatabaseUrlEnvironmentPostProcessorTest.shouldConvertRailwayPostgresUrlToJdbcUrl(RailwayDatabaseUrlEnvironmentPostProcessorTest.java:27)
	at java.base/java.lang.reflect.Method.invoke(Method.java:580)
	at java.base/java.util.ArrayList.forEach(ArrayList.java:1596)
	at java.base/java.util.ArrayList.forEach(ArrayList.java:1596)

com.sanoli.financedash.config.RailwayDatabaseUrlEnvironmentPostProcessorTest.shouldUseRailwayPostgresPartsWhenDatabaseUrlHasInvalidDatabaseName -- Time elapsed: 0.009 s <<< FAILURE!
org.opentest4j.AssertionFailedError: 

expected: "demo"
 but was: null
	at java.base/jdk.internal.reflect.DirectConstructorHandleAccessor.newInstance(DirectConstructorHandleAccessor.java:62)
	at java.base/java.lang.reflect.Constructor.newInstanceWithCaller(Constructor.java:502)
	at com.sanoli.financedash.config.RailwayDatabaseUrlEnvironmentPostProcessorTest.shouldUseRailwayPostgresPartsWhenDatabaseUrlHasInvalidDatabaseName(RailwayDatabaseUrlEnvironmentPostProcessorTest.java:60)
	at java.base/java.lang.reflect.Method.invoke(Method.java:580)
	at java.base/java.util.ArrayList.forEach(ArrayList.java:1596)
	at java.base/java.util.ArrayList.forEach(ArrayList.java:1596)

